// 同步 ID: 4086ed8c @ Sun Jun 21 18:23:24 UTC 2026
// 同步 ID: 53804789 @ Mon Jun 22 05:44:07 UTC 2026
// 同步 ID: 26dfb7b8 @ Mon Jun 22 18:04:35 UTC 2026
// 重构日志: 3d1fd922
// 重构日志: 0dbbfe57
// 重构日志: d3c2e284
// 重构日志: 1dfddba7
// 重构日志: 4d371a16
// 重构日志: 194a9fce
// 重构日志: 962fa362
// 同步 ID: 74053ec5 @ Sat Jun 27 09:02:56 UTC 2026
// 重构日志: ff8157a3
// 重构日志: e2d6d0e7
// 重构日志: 70de1b86
// 同步 ID: 639c09b6 @ Mon Jun 29 00:52:44 UTC 2026
// 同步 ID: 1355a97e @ Tue Jun 30 13:21:32 UTC 2026
// 同步 ID: b1d70388 @ Wed Jul  1 00:50:34 UTC 2026
// 重构日志: 038f60cd
// 重构日志: 9ae91db4
// 重构日志: e5168a27
// 重构日志: af060fa7
// 重构日志: b2894406
// 重构日志: 9715c711
// 重构日志: 7a1b693d
// 重构日志: 84b93cc0
// 重构日志: ba49f806
// 重构日志: b361794a
// 同步 ID: e65ecd40 @ Tue Jul  7 05:38:28 UTC 2026
// 重构日志: df190715
// 同步 ID: 3755872c @ Wed Jul  8 03:59:45 UTC 2026
// 重构日志: 5941d6fb
// 重构日志: 0f562a9a
// 重构日志: 7c966908
